<?xml version="1.0" encoding="UTF-8"?>
<!-- Generated by org.testng.reporters.JUnitXMLReporter -->
<testsuite hostname="Prasad-PC" ignored="0" name="Test" tests="2" failures="2" timestamp="23 Jun 2020 17:09:59 GMT" time="30.83" errors="0">
  <testcase name="searchForFlight" time="0.014" classname="TestingTravels.flightSearchTest">
    <failure type="java.lang.NullPointerException">
      <![CDATA[java.lang.NullPointerException
at TestingTravels.loginTest.logIn(loginTest.java:37)
at TestingTravels.flightSearchTest.searchForFlight(flightSearchTest.java:30)
... Removed 25 stack frames]]>
    </failure>
  </testcase> <!-- searchForFlight -->
  <testcase name="validationOfUserID" time="0.001" classname="TestingTravels.userValidation">
    <failure type="java.lang.NullPointerException">
      <![CDATA[java.lang.NullPointerException
at TestingTravels.loginTest.logIn(loginTest.java:37)
at TestingTravels.userValidation.validationOfUserID(userValidation.java:30)
... Removed 25 stack frames]]>
    </failure>
  </testcase> <!-- validationOfUserID -->
</testsuite> <!-- Test -->
